2024-06-26 02:38:02,469 - ERROR - Error con el servidor: FALCON MESTANZA ELISEO EDU
2024-06-26 02:39:23,929 - INFO - Huellas cargadas
2024-06-26 02:40:35,054 - INFO - Huellas cargadas-------------------------------------------------
2024-06-26 02:43:03,180 - INFO - -----------------------Esperando huella-----------------------
2024-06-26 02:44:22,768 - INFO - -----------------------Esperando huella-----------------------
2024-06-26 02:46:32,886 - ERROR - Huella no identificada
2024-06-26 02:46:40,164 - INFO - -----------------------Esperando huella-----------------------
2024-06-26 08:37:35,008 - INFO - -----------------------Esperando huella-----------------------
2024-06-26 08:39:52,680 - INFO - -----------------------Esperando huella-----------------------
2024-06-26 08:41:48,425 - INFO - -----------------------Esperando huella-----------------------
2024-06-26 08:42:22,969 - ERROR - Huella no identificada
2024-06-26 08:43:01,699 - ERROR - Huella no identificada
2024-06-26 08:46:37,804 - INFO - -----------------------Esperando huella-----------------------
2024-06-26 08:47:42,449 - INFO - -----------------------Esperando huella-----------------------
2024-06-26 08:48:34,138 - INFO - -----------------------Esperando huella-----------------------
2024-06-26 08:49:36,461 - INFO - -----------------------Esperando huella-----------------------
2024-06-26 08:50:54,754 - INFO - -----------------------Esperando huella-----------------------
2024-06-26 11:59:17,969 - INFO - -----------------------Esperando huella-----------------------
2024-06-26 12:38:58,572 - INFO - -----------------------Esperando huella-----------------------
2024-06-26 12:41:23,139 - INFO - -----------------------Esperando huella-----------------------
2024-06-26 12:43:13,033 - INFO - -----------------------Esperando huella-----------------------
2024-06-26 12:45:03,097 - INFO - -----------------------Esperando huella-----------------------
2024-06-26 14:27:37,463 - INFO - -----------------------Esperando huella-----------------------
2024-06-26 16:51:48,410 - INFO - -----------------------Esperando huella-----------------------
2024-06-26 16:55:33,690 - INFO - -----------------------Esperando huella-----------------------
2024-06-26 16:56:33,063 - ERROR - Huella no identificada
2024-06-26 16:57:23,001 - INFO - -----------------------Esperando huella-----------------------
2024-06-26 16:58:23,528 - INFO - -----------------------Esperando huella-----------------------
2024-06-26 16:58:27,167 - INFO - -----------------------Esperando huella-----------------------
2024-06-26 16:58:32,627 - INFO - -----------------------Esperando huella-----------------------
2024-06-26 16:58:48,719 - INFO - -----------------------Esperando huella-----------------------
2024-06-26 17:02:06,209 - INFO - -----------------------Esperando huella-----------------------
2024-06-26 17:02:11,683 - INFO - -----------------------Esperando huella-----------------------
2024-06-26 17:02:16,011 - INFO - -----------------------Esperando huella-----------------------
2024-06-26 17:02:56,950 - INFO - -----------------------Esperando huella-----------------------
2024-06-26 17:04:39,362 - INFO - -----------------------Esperando huella-----------------------
2024-06-26 17:04:56,878 - INFO - -----------------------Esperando huella-----------------------
2024-06-26 17:05:39,738 - INFO - -----------------------Esperando huella-----------------------
2024-06-26 17:07:56,716 - INFO - -----------------------Esperando huella-----------------------
2024-06-26 17:08:08,951 - INFO - -----------------------Esperando huella-----------------------
2024-06-26 21:14:27,722 - INFO - -----------------------Esperando huella-----------------------
2024-06-26 21:14:31,911 - INFO - -----------------------Esperando huella-----------------------
2024-06-26 21:14:36,511 - INFO - -----------------------Esperando huella-----------------------
2024-06-26 21:14:59,934 - INFO - -----------------------Esperando huella-----------------------
2024-06-26 21:28:35,538 - INFO - -----------------------Esperando huella-----------------------
2024-06-26 21:30:15,870 - INFO - -----------------------Esperando huella-----------------------
